# JRE version: OpenJDK Runtime Environment (11.0.10) (build 11.0.10+0-b96-7249189)
# Java VM: OpenJDK 64-Bit Server VM (11.0.10+0-b96-7249189, mixed mode, tiered, compressed oops, g1 gc, linux-amd64)
Heap:
 garbage-first heap   total 348160K, used 121016K [0x0000000080000000, 0x0000000100000000)
  region size 1024K, 22 young (22528K), 6 survivors (6144K)
 Metaspace       used 152777K, capacity 157973K, committed 162124K, reserved 1189888K
  class space    used 18666K, capacity 20575K, committed 21376K, reserved 1048576K
GC Heap History (20 events):
Event: 13843.533 GC heap before
{Heap before GC invocations=183 (full 2):
 garbage-first heap   total 355328K, used 248523K [0x0000000080000000, 0x0000000100000000)
  region size 1024K, 17 young (17408K), 7 survivors (7168K)
 Metaspace       used 152555K, capacity 157686K, committed 162124K, reserved 1189888K
  class space    used 18651K, capacity 20550K, committed 21376K, reserved 1048576K
}
Event: 13843.545 GC heap after
{Heap after GC invocations=184 (full 2):
 garbage-first heap   total 355328K, used 238056K [0x0000000080000000, 0x0000000100000000)
  region size 1024K, 3 young (3072K), 3 survivors (3072K)
 Metaspace       used 152555K, capacity 157686K, committed 162124K, reserved 1189888K
  class space    used 18651K, capacity 20550K, committed 21376K, reserved 1048576K
}
Event: 13843.551 GC heap before
{Heap before GC invocations=184 (full 2):
 garbage-first heap   total 355328K, used 243176K [0x0000000080000000, 0x0000000100000000)
  region size 1024K, 9 young (9216K), 3 survivors (3072K)
 Metaspace       used 152555K, capacity 157686K, committed 162124K, reserved 1189888K
  class space    used 18651K, capacity 20550K, committed 21376K, reserved 1048576K
}
Event: 13843.559 GC heap after
{Heap after GC invocations=185 (full 2):
 garbage-first heap   total 355328K, used 239191K [0x0000000080000000, 0x0000000100000000)
  region size 1024K, 4 young (4096K), 4 survivors (4096K)
 Metaspace       used 152555K, capacity 157686K, committed 162124K, reserved 1189888K
  class space    used 18651K, capacity 20550K, committed 21376K, reserved 1048576K
}
Event: 13843.729 GC heap before
{Heap before GC invocations=185 (full 2):
 garbage-first heap   total 355328K, used 297559K [0x0000000080000000, 0x0000000100000000)
  region size 1024K, 49 young (50176K), 4 survivors (4096K)
 Metaspace       used 152555K, capacity 157686K, committed 162124K, reserved 1189888K
  class space    used 18651K, capacity 20550K, committed 21376K, reserved 1048576K
}
Event: 13843.738 GC heap after
{Heap after GC invocations=186 (full 2):
 garbage-first heap   total 547840K, used 256821K [0x0000000080000000, 0x0000000100000000)
  region size 1024K, 7 young (7168K), 7 survivors (7168K)
 Metaspace       used 152555K, capacity 157686K, committed 162124K, reserved 1189888K
  class space    used 18651K, capacity 20550K, committed 21376K, reserved 1048576K
}
Event: 13843.921 GC heap before
{Heap before GC invocations=187 (full 2):
 garbage-first heap   total 547840K, used 292661K [0x0000000080000000, 0x0000000100000000)
  region size 1024K, 43 young (44032K), 7 survivors (7168K)
 Metaspace       used 152558K, capacity 157686K, committed 162124K, reserved 1189888K
  class space    used 18651K, capacity 20550K, committed 21376K, reserved 1048576K
}
Event: 13843.927 GC heap after
{Heap after GC invocations=188 (full 2):
 garbage-first heap   total 547840K, used 257081K [0x0000000080000000, 0x0000000100000000)
  region size 1024K, 8 young (8192K), 8 survivors (8192K)
 Metaspace       used 152558K, capacity 157686K, committed 162124K, reserved 1189888K
  class space    used 18651K, capacity 20550K, committed 21376K, reserved 1048576K
}
Event: 13844.243 GC heap before
{Heap before GC invocations=189 (full 2):
 garbage-first heap   total 547840K, used 310329K [0x0000000080000000, 0x0000000100000000)
  region size 1024K, 46 young (47104K), 8 survivors (8192K)
 Metaspace       used 152578K, capacity 157698K, committed 162124K, reserved 1189888K
  class space    used 18652K, capacity 20552K, committed 21376K, reserved 1048576K
}
Event: 13844.250 GC heap after
{Heap after GC invocations=190 (full 2):
 garbage-first heap   total 547840K, used 239808K [0x0000000080000000, 0x0000000100000000)
  region size 1024K, 3 young (3072K), 3 survivors (3072K)
 Metaspace       used 152578K, capacity 157698K, committed 162124K, reserved 1189888K
  class space    used 18652K, capacity 20552K, committed 21376K, reserved 1048576K
}
Event: 13844.477 GC heap before
{Heap before GC invocations=191 (full 2):
 garbage-first heap   total 547840K, used 352448K [0x0000000080000000, 0x0000000100000000)
  region size 1024K, 133 young (136192K), 3 survivors (3072K)
 Metaspace       used 152670K, capacity 157896K, committed 162124K, reserved 1189888K
  class space    used 18658K, capacity 20563K, committed 21376K, reserved 1048576K
}
Event: 13844.487 GC heap after
{Heap after GC invocations=192 (full 2):
 garbage-first heap   total 547840K, used 229778K [0x0000000080000000, 0x0000000100000000)
  region size 1024K, 16 young (16384K), 16 survivors (16384K)
 Metaspace       used 152670K, capacity 157896K, committed 162124K, reserved 1189888K
  class space    used 18658K, capacity 20563K, committed 21376K, reserved 1048576K
}
Event: 13844.500 GC heap before
{Heap before GC invocations=192 (full 2):
 garbage-first heap   total 547840K, used 238994K [0x0000000080000000, 0x0000000100000000)
  region size 1024K, 26 young (26624K), 16 survivors (16384K)
 Metaspace       used 152693K, capacity 157896K, committed 162124K, reserved 1189888K
  class space    used 18658K, capacity 20563K, committed 21376K, reserved 1048576K
}
Event: 13844.510 GC heap after
{Heap after GC invocations=193 (full 2):
 garbage-first heap   total 620544K, used 208117K [0x0000000080000000, 0x0000000100000000)
  region size 1024K, 3 young (3072K), 3 survivors (3072K)
 Metaspace       used 152693K, capacity 157896K, committed 162124K, reserved 1189888K
  class space    used 18658K, capacity 20563K, committed 21376K, reserved 1048576K
}
Event: 13844.546 GC heap before
{Heap before GC invocations=193 (full 2):
 garbage-first heap   total 620544K, used 229621K [0x0000000080000000, 0x0000000100000000)
  region size 1024K, 26 young (26624K), 3 survivors (3072K)
 Metaspace       used 152704K, capacity 157896K, committed 162124K, reserved 1189888K
  class space    used 18658K, capacity 20563K, committed 21376K, reserved 1048576K
}
Event: 13844.554 GC heap after
{Heap after GC invocations=194 (full 2):
 garbage-first heap   total 620544K, used 208028K [0x0000000080000000, 0x0000000100000000)
  region size 1024K, 3 young (3072K), 3 survivors (3072K)
 Metaspace       used 152704K, capacity 157896K, committed 162124K, reserved 1189888K
  class space    used 18658K, capacity 20563K, committed 21376K, reserved 1048576K
}
Event: 17444.555 GC heap before
{Heap before GC invocations=195 (full 2):
 garbage-first heap   total 620544K, used 339100K [0x0000000080000000, 0x0000000100000000)
  region size 1024K, 136 young (139264K), 3 survivors (3072K)
 Metaspace       used 152765K, capacity 157973K, committed 162124K, reserved 1189888K
  class space    used 18665K, capacity 20575K, committed 21376K, reserved 1048576K
}
Event: 17444.696 GC heap after
{Heap after GC invocations=196 (full 3):
 garbage-first heap   total 348160K, used 98833K [0x0000000080000000, 0x0000000100000000)
  region size 1024K, 0 young (0K), 0 survivors (0K)
 Metaspace       used 152765K, capacity 157973K, committed 162124K, reserved 1189888K
  class space    used 18665K, capacity 20575K, committed 21376K, reserved 1048576K
}
Event: 18616.497 GC heap before
{Heap before GC invocations=196 (full 3):
 garbage-first heap   total 348160K, used 175633K [0x0000000080000000, 0x0000000100000000)
  region size 1024K, 76 young (77824K), 0 survivors (0K)
 Metaspace       used 152777K, capacity 157973K, committed 162124K, reserved 1189888K
  class space    used 18666K, capacity 20575K, committed 21376K, reserved 1048576K
}
Event: 18616.508 GC heap after
{Heap after GC invocations=197 (full 3):
 garbage-first heap   total 348160K, used 104632K [0x0000000080000000, 0x0000000100000000)
  region size 1024K, 6 young (6144K), 6 survivors (6144K)
 Metaspace       used 152777K, capacity 157973K, committed 162124K, reserved 1189888K
  class space    used 18666K, capacity 20575K, committed 21376K, reserved 1048576K
}

